# JRE version: OpenJDK Runtime Environment (24.0.1+9) (build 24.0.1+9-30)
# Java VM: OpenJDK 64-Bit Server VM (24.0.1+9-30, mixed mode, sharing, tiered, compressed oops, compressed class ptrs, g1 gc, windows-amd64)
GC Precious Log:
 CardTable entry size: 512
 Card Set container configuration: InlinePtr #cards 5 size 8 Array Of Cards #cards 10 size 36 Howl #buckets 4 coarsen threshold 1843 Howl Bitmap #cards 512 size 80 coarsen threshold 460 Card regions per heap region 1 cards per card region 2048
 CPUs: 12 total, 12 available
 Memory: 5996M
 Large Page Support: Disabled
 NUMA Support: Disabled
 Compressed Oops: Enabled (32-bit)
 Heap Region Size: 1M
 Heap Min Capacity: 8M
 Heap Initial Capacity: 94M
 Heap Max Capacity: 1500M
 Pre-touch: Disabled
 Parallel Workers: 10
 Concurrent Workers: 3
 Concurrent Refinement Workers: 10
 Periodic GC: Disabled
Heap:
 garbage-first heap   total reserved 1536000K, committed 184320K, used 136761K [0x00000000a2400000, 0x0000000100000000)
  region size 1024K, 74 young (75776K), 6 survivors (6144K)
 Metaspace       used 97191K, committed 97920K, reserved 1179648K
  class space    used 11065K, committed 11392K, reserved 1048576K
GC Heap History (20 events):
Event: 7.657 GC heap before
{Heap before GC invocations=18 (full 0):
 garbage-first heap   total reserved 1536000K, committed 66560K, used 59055K [0x00000000a2400000, 0x0000000100000000)
  region size 1024K, 23 young (23552K), 2 survivors (2048K)
 Metaspace       used 81942K, committed 82496K, reserved 1179648K
  class space    used 9317K, committed 9536K, reserved 1048576K
}
Event: 7.660 GC heap after
{Heap after GC invocations=19 (full 0):
 garbage-first heap   total reserved 1536000K, committed 66560K, used 39680K [0x00000000a2400000, 0x0000000100000000)
  region size 1024K, 3 young (3072K), 3 survivors (3072K)
 Metaspace       used 81942K, committed 82496K, reserved 1179648K
  class space    used 9317K, committed 9536K, reserved 1048576K
}
Event: 7.683 GC heap before
{Heap before GC invocations=19 (full 0):
 garbage-first heap   total reserved 1536000K, committed 66560K, used 59136K [0x00000000a2400000, 0x0000000100000000)
  region size 1024K, 22 young (22528K), 3 survivors (3072K)
 Metaspace       used 81942K, committed 82496K, reserved 1179648K
  class space    used 9317K, committed 9536K, reserved 1048576K
}
Event: 7.685 GC heap after
{Heap after GC invocations=20 (full 0):
 garbage-first heap   total reserved 1536000K, committed 79872K, used 40114K [0x00000000a2400000, 0x0000000100000000)
  region size 1024K, 2 young (2048K), 2 survivors (2048K)
 Metaspace       used 81942K, committed 82496K, reserved 1179648K
  class space    used 9317K, committed 9536K, reserved 1048576K
}
Event: 7.731 GC heap before
{Heap before GC invocations=21 (full 0):
 garbage-first heap   total reserved 1536000K, committed 79872K, used 71858K [0x00000000a2400000, 0x0000000100000000)
  region size 1024K, 33 young (33792K), 2 survivors (2048K)
 Metaspace       used 81946K, committed 82496K, reserved 1179648K
  class space    used 9317K, committed 9536K, reserved 1048576K
}
Event: 7.733 GC heap after
{Heap after GC invocations=22 (full 0):
 garbage-first heap   total reserved 1536000K, committed 79872K, used 40991K [0x00000000a2400000, 0x0000000100000000)
  region size 1024K, 3 young (3072K), 3 survivors (3072K)
 Metaspace       used 81946K, committed 82496K, reserved 1179648K
  class space    used 9317K, committed 9536K, reserved 1048576K
}
Event: 7.811 GC heap before
{Heap before GC invocations=22 (full 0):
 garbage-first heap   total reserved 1536000K, committed 79872K, used 70687K [0x00000000a2400000, 0x0000000100000000)
  region size 1024K, 32 young (32768K), 3 survivors (3072K)
 Metaspace       used 82270K, committed 82816K, reserved 1179648K
  class space    used 9362K, committed 9600K, reserved 1048576K
}
Event: 7.817 GC heap after
{Heap after GC invocations=23 (full 0):
 garbage-first heap   total reserved 1536000K, committed 79872K, used 44323K [0x00000000a2400000, 0x0000000100000000)
  region size 1024K, 4 young (4096K), 4 survivors (4096K)
 Metaspace       used 82270K, committed 82816K, reserved 1179648K
  class space    used 9362K, committed 9600K, reserved 1048576K
}
Event: 7.846 GC heap before
{Heap before GC invocations=23 (full 0):
 garbage-first heap   total reserved 1536000K, committed 79872K, used 68899K [0x00000000a2400000, 0x0000000100000000)
  region size 1024K, 28 young (28672K), 4 survivors (4096K)
 Metaspace       used 82271K, committed 82816K, reserved 1179648K
  class space    used 9362K, committed 9600K, reserved 1048576K
}
Event: 7.856 GC heap after
{Heap after GC invocations=24 (full 0):
 garbage-first heap   total reserved 1536000K, committed 82944K, used 53504K [0x00000000a2400000, 0x0000000100000000)
  region size 1024K, 4 young (4096K), 4 survivors (4096K)
 Metaspace       used 82271K, committed 82816K, reserved 1179648K
  class space    used 9362K, committed 9600K, reserved 1048576K
}
Event: 7.879 GC heap before
{Heap before GC invocations=25 (full 0):
 garbage-first heap   total reserved 1536000K, committed 92160K, used 70912K [0x00000000a2400000, 0x0000000100000000)
  region size 1024K, 20 young (20480K), 4 survivors (4096K)
 Metaspace       used 82271K, committed 82816K, reserved 1179648K
  class space    used 9362K, committed 9600K, reserved 1048576K
}
Event: 7.887 GC heap after
{Heap after GC invocations=26 (full 0):
 garbage-first heap   total reserved 1536000K, committed 92160K, used 61283K [0x00000000a2400000, 0x0000000100000000)
  region size 1024K, 3 young (3072K), 3 survivors (3072K)
 Metaspace       used 82271K, committed 82816K, reserved 1179648K
  class space    used 9362K, committed 9600K, reserved 1048576K
}
Event: 7.911 GC heap before
{Heap before GC invocations=26 (full 0):
 garbage-first heap   total reserved 1536000K, committed 92160K, used 78691K [0x00000000a2400000, 0x0000000100000000)
  region size 1024K, 20 young (20480K), 3 survivors (3072K)
 Metaspace       used 82273K, committed 82816K, reserved 1179648K
  class space    used 9362K, committed 9600K, reserved 1048576K
}
Event: 7.915 GC heap after
{Heap after GC invocations=27 (full 0):
 garbage-first heap   total reserved 1536000K, committed 92160K, used 64494K [0x00000000a2400000, 0x0000000100000000)
  region size 1024K, 3 young (3072K), 3 survivors (3072K)
 Metaspace       used 82273K, committed 82816K, reserved 1179648K
  class space    used 9362K, committed 9600K, reserved 1048576K
}
Event: 7.925 GC heap before
{Heap before GC invocations=27 (full 0):
 garbage-first heap   total reserved 1536000K, committed 92160K, used 79854K [0x00000000a2400000, 0x0000000100000000)
  region size 1024K, 18 young (18432K), 3 survivors (3072K)
 Metaspace       used 82275K, committed 82816K, reserved 1179648K
  class space    used 9362K, committed 9600K, reserved 1048576K
}
Event: 7.928 GC heap after
{Heap after GC invocations=28 (full 0):
 garbage-first heap   total reserved 1536000K, committed 184320K, used 64187K [0x00000000a2400000, 0x0000000100000000)
  region size 1024K, 2 young (2048K), 2 survivors (2048K)
 Metaspace       used 82275K, committed 82816K, reserved 1179648K
  class space    used 9362K, committed 9600K, reserved 1048576K
}
Event: 8.008 GC heap before
{Heap before GC invocations=28 (full 0):
 garbage-first heap   total reserved 1536000K, committed 184320K, used 134843K [0x00000000a2400000, 0x0000000100000000)
  region size 1024K, 71 young (72704K), 2 survivors (2048K)
 Metaspace       used 82313K, committed 82816K, reserved 1179648K
  class space    used 9362K, committed 9600K, reserved 1048576K
}
Event: 8.010 GC heap after
{Heap after GC invocations=29 (full 0):
 garbage-first heap   total reserved 1536000K, committed 184320K, used 65213K [0x00000000a2400000, 0x0000000100000000)
  region size 1024K, 3 young (3072K), 3 survivors (3072K)
 Metaspace       used 82313K, committed 82816K, reserved 1179648K
  class space    used 9362K, committed 9600K, reserved 1048576K
}
Event: 8.864 GC heap before
{Heap before GC invocations=29 (full 0):
 garbage-first heap   total reserved 1536000K, committed 184320K, used 133821K [0x00000000a2400000, 0x0000000100000000)
  region size 1024K, 70 young (71680K), 3 survivors (3072K)
 Metaspace       used 88368K, committed 89024K, reserved 1179648K
  class space    used 10100K, committed 10368K, reserved 1048576K
}
Event: 8.869 GC heap after
{Heap after GC invocations=30 (full 0):
 garbage-first heap   total reserved 1536000K, committed 184320K, used 69177K [0x00000000a2400000, 0x0000000100000000)
  region size 1024K, 6 young (6144K), 6 survivors (6144K)
 Metaspace       used 88368K, committed 89024K, reserved 1179648K
  class space    used 10100K, committed 10368K, reserved 1048576K
}

