# JRE version: OpenJDK Runtime Environment (24.0.1+9) (build 24.0.1+9-30)
# Java VM: OpenJDK 64-Bit Server VM (24.0.1+9-30, mixed mode, sharing, tiered, compressed oops, compressed class ptrs, g1 gc, windows-amd64)
GC Precious Log:
 CardTable entry size: 512
 Card Set container configuration: InlinePtr #cards 5 size 8 Array Of Cards #cards 10 size 36 Howl #buckets 4 coarsen threshold 1843 Howl Bitmap #cards 512 size 80 coarsen threshold 460 Card regions per heap region 1 cards per card region 2048
 CPUs: 12 total, 12 available
 Memory: 5996M
 Large Page Support: Disabled
 NUMA Support: Disabled
 Compressed Oops: Enabled (32-bit)
 Heap Region Size: 1M
 Heap Min Capacity: 8M
 Heap Initial Capacity: 94M
 Heap Max Capacity: 1500M
 Pre-touch: Disabled
 Parallel Workers: 10
 Concurrent Workers: 3
 Concurrent Refinement Workers: 10
 Periodic GC: Disabled
Heap:
 garbage-first heap   total reserved 1536000K, committed 172032K, used 73723K [0x00000000a2400000, 0x0000000100000000)
  region size 1024K, 14 young (14336K), 6 survivors (6144K)
 Metaspace       used 89764K, committed 90432K, reserved 1179648K
  class space    used 10221K, committed 10496K, reserved 1048576K
GC Heap History (20 events):
Event: 29.756 GC heap before
{Heap before GC invocations=18 (full 0):
 garbage-first heap   total reserved 1536000K, committed 58368K, used 50219K [0x00000000a2400000, 0x0000000100000000)
  region size 1024K, 17 young (17408K), 3 survivors (3072K)
 Metaspace       used 77676K, committed 78208K, reserved 1179648K
  class space    used 8493K, committed 8704K, reserved 1048576K
}
Event: 29.760 GC heap after
{Heap after GC invocations=19 (full 0):
 garbage-first heap   total reserved 1536000K, committed 70656K, used 36661K [0x00000000a2400000, 0x0000000100000000)
  region size 1024K, 3 young (3072K), 3 survivors (3072K)
 Metaspace       used 77676K, committed 78208K, reserved 1179648K
  class space    used 8493K, committed 8704K, reserved 1048576K
}
Event: 30.125 GC heap before
{Heap before GC invocations=19 (full 0):
 garbage-first heap   total reserved 1536000K, committed 70656K, used 61237K [0x00000000a2400000, 0x0000000100000000)
  region size 1024K, 28 young (28672K), 3 survivors (3072K)
 Metaspace       used 79766K, committed 80320K, reserved 1179648K
  class space    used 8940K, committed 9152K, reserved 1048576K
}
Event: 30.130 GC heap after
{Heap after GC invocations=20 (full 0):
 garbage-first heap   total reserved 1536000K, committed 70656K, used 38465K [0x00000000a2400000, 0x0000000100000000)
  region size 1024K, 3 young (3072K), 3 survivors (3072K)
 Metaspace       used 79766K, committed 80320K, reserved 1179648K
  class space    used 8940K, committed 9152K, reserved 1048576K
}
Event: 30.488 GC heap before
{Heap before GC invocations=20 (full 0):
 garbage-first heap   total reserved 1536000K, committed 70656K, used 62017K [0x00000000a2400000, 0x0000000100000000)
  region size 1024K, 27 young (27648K), 3 survivors (3072K)
 Metaspace       used 82086K, committed 82624K, reserved 1179648K
  class space    used 9294K, committed 9536K, reserved 1048576K
}
Event: 30.496 GC heap after
{Heap after GC invocations=21 (full 0):
 garbage-first heap   total reserved 1536000K, committed 71680K, used 43509K [0x00000000a2400000, 0x0000000100000000)
  region size 1024K, 4 young (4096K), 4 survivors (4096K)
 Metaspace       used 82086K, committed 82624K, reserved 1179648K
  class space    used 9294K, committed 9536K, reserved 1048576K
}
Event: 30.527 GC heap before
{Heap before GC invocations=21 (full 0):
 garbage-first heap   total reserved 1536000K, committed 71680K, used 62965K [0x00000000a2400000, 0x0000000100000000)
  region size 1024K, 23 young (23552K), 4 survivors (4096K)
 Metaspace       used 82086K, committed 82624K, reserved 1179648K
  class space    used 9294K, committed 9536K, reserved 1048576K
}
Event: 30.537 GC heap after
{Heap after GC invocations=22 (full 0):
 garbage-first heap   total reserved 1536000K, committed 74752K, used 50483K [0x00000000a2400000, 0x0000000100000000)
  region size 1024K, 3 young (3072K), 3 survivors (3072K)
 Metaspace       used 82086K, committed 82624K, reserved 1179648K
  class space    used 9294K, committed 9536K, reserved 1048576K
}
Event: 30.591 GC heap before
{Heap before GC invocations=23 (full 0):
 garbage-first heap   total reserved 1536000K, committed 86016K, used 63795K [0x00000000a2400000, 0x0000000100000000)
  region size 1024K, 16 young (16384K), 3 survivors (3072K)
 Metaspace       used 82090K, committed 82624K, reserved 1179648K
  class space    used 9294K, committed 9536K, reserved 1048576K
}
Event: 30.596 GC heap after
{Heap after GC invocations=24 (full 0):
 garbage-first heap   total reserved 1536000K, committed 86016K, used 52891K [0x00000000a2400000, 0x0000000100000000)
  region size 1024K, 2 young (2048K), 2 survivors (2048K)
 Metaspace       used 82090K, committed 82624K, reserved 1179648K
  class space    used 9294K, committed 9536K, reserved 1048576K
}
Event: 30.789 GC heap before
{Heap before GC invocations=24 (full 0):
 garbage-first heap   total reserved 1536000K, committed 86016K, used 74395K [0x00000000a2400000, 0x0000000100000000)
  region size 1024K, 23 young (23552K), 2 survivors (2048K)
 Metaspace       used 82381K, committed 82944K, reserved 1179648K
  class space    used 9337K, committed 9600K, reserved 1048576K
}
Event: 30.792 GC heap after
{Heap after GC invocations=25 (full 0):
 garbage-first heap   total reserved 1536000K, committed 172032K, used 53635K [0x00000000a2400000, 0x0000000100000000)
  region size 1024K, 1 young (1024K), 1 survivors (1024K)
 Metaspace       used 82381K, committed 82944K, reserved 1179648K
  class space    used 9337K, committed 9600K, reserved 1048576K
}
Event: 30.936 GC heap before
{Heap before GC invocations=25 (full 0):
 garbage-first heap   total reserved 1536000K, committed 172032K, used 99715K [0x00000000a2400000, 0x0000000100000000)
  region size 1024K, 48 young (49152K), 1 survivors (1024K)
 Metaspace       used 82383K, committed 82944K, reserved 1179648K
  class space    used 9337K, committed 9600K, reserved 1048576K
}
Event: 31.002 GC heap after
{Heap after GC invocations=26 (full 0):
 garbage-first heap   total reserved 1536000K, committed 172032K, used 71056K [0x00000000a2400000, 0x0000000100000000)
  region size 1024K, 12 young (12288K), 12 survivors (12288K)
 Metaspace       used 82383K, committed 82944K, reserved 1179648K
  class space    used 9337K, committed 9600K, reserved 1048576K
}
Event: 31.169 GC heap before
{Heap before GC invocations=27 (full 0):
 garbage-first heap   total reserved 1536000K, committed 172032K, used 130448K [0x00000000a2400000, 0x0000000100000000)
  region size 1024K, 75 young (76800K), 12 survivors (12288K)
 Metaspace       used 82395K, committed 82944K, reserved 1179648K
  class space    used 9337K, committed 9600K, reserved 1048576K
}
Event: 31.200 GC heap after
{Heap after GC invocations=28 (full 0):
 garbage-first heap   total reserved 1536000K, committed 172032K, used 76470K [0x00000000a2400000, 0x0000000100000000)
  region size 1024K, 10 young (10240K), 10 survivors (10240K)
 Metaspace       used 82395K, committed 82944K, reserved 1179648K
  class space    used 9337K, committed 9600K, reserved 1048576K
}
Event: 31.290 GC heap before
{Heap before GC invocations=28 (full 0):
 garbage-first heap   total reserved 1536000K, committed 172032K, used 133814K [0x00000000a2400000, 0x0000000100000000)
  region size 1024K, 66 young (67584K), 10 survivors (10240K)
 Metaspace       used 82424K, committed 82944K, reserved 1179648K
  class space    used 9338K, committed 9600K, reserved 1048576K
}
Event: 31.296 GC heap after
{Heap after GC invocations=29 (full 0):
 garbage-first heap   total reserved 1536000K, committed 172032K, used 72349K [0x00000000a2400000, 0x0000000100000000)
  region size 1024K, 4 young (4096K), 4 survivors (4096K)
 Metaspace       used 82424K, committed 82944K, reserved 1179648K
  class space    used 9338K, committed 9600K, reserved 1048576K
}
Event: 33.427 GC heap before
{Heap before GC invocations=29 (full 0):
 garbage-first heap   total reserved 1536000K, committed 172032K, used 134813K [0x00000000a2400000, 0x0000000100000000)
  region size 1024K, 65 young (66560K), 4 survivors (4096K)
 Metaspace       used 88630K, committed 89280K, reserved 1179648K
  class space    used 10091K, committed 10368K, reserved 1048576K
}
Event: 33.433 GC heap after
{Heap after GC invocations=30 (full 0):
 garbage-first heap   total reserved 1536000K, committed 172032K, used 74747K [0x00000000a2400000, 0x0000000100000000)
  region size 1024K, 6 young (6144K), 6 survivors (6144K)
 Metaspace       used 88630K, committed 89280K, reserved 1179648K
  class space    used 10091K, committed 10368K, reserved 1048576K
}

